<?xml version="1.0" encoding="UTF-8"?>
<testng-results ignored="0" total="1" passed="1" failed="0" skipped="0">
  <reporter-output>
    <line>
      <![CDATA[no of rows::10]]>
    </line>
    <line>
      <![CDATA[valid username and password::dashboard    http://webapp.qedgetech.com/dashboard.php]]>
    </line>
    <line>
      <![CDATA[Incorrect user ID or password  dashboard  http://webapp.qedgetech.com/login.php]]>
    </line>
    <line>
      <![CDATA[valid username and password::dashboard    http://webapp.qedgetech.com/dashboard.php]]>
    </line>
    <line>
      <![CDATA[Incorrect user ID or password  dashboard  http://webapp.qedgetech.com/login.php]]>
    </line>
    <line>
      <![CDATA[valid username and password::dashboard    http://webapp.qedgetech.com/dashboard.php]]>
    </line>
    <line>
      <![CDATA[Incorrect user ID or password  dashboard  http://webapp.qedgetech.com/login.php]]>
    </line>
    <line>
      <![CDATA[Incorrect user ID or password  dashboard  http://webapp.qedgetech.com/login.php]]>
    </line>
    <line>
      <![CDATA[valid username and password::dashboard    http://webapp.qedgetech.com/dashboard.php]]>
    </line>
    <line>
      <![CDATA[valid username and password::dashboard    http://webapp.qedgetech.com/dashboard.php]]>
    </line>
    <line>
      <![CDATA[valid username and password::dashboard    http://webapp.qedgetech.com/dashboard.php]]>
    </line>
  </reporter-output>
  <suite started-at="2024-03-04T16:11:38 IST" name="Surefire suite" finished-at="2024-03-04T16:12:42 IST" duration-ms="63537">
    <groups>
    </groups>
    <test started-at="2024-03-04T16:11:38 IST" name="Surefire test" finished-at="2024-03-04T16:12:42 IST" duration-ms="63537">
      <class name="driverFactory.AppTest">
        <test-method is-config="true" signature="setup()[pri:0, instance:driverFactory.AppTest@31e5415e]" started-at="2024-03-04T16:11:38 IST" name="setup" finished-at="2024-03-04T16:11:41 IST" duration-ms="2930" status="PASS">
          <reporter-output>
          </reporter-output>
        </test-method> <!-- setup -->
        <test-method signature="starttest()[pri:0, instance:driverFactory.AppTest@31e5415e]" started-at="2024-03-04T16:11:41 IST" name="starttest" finished-at="2024-03-04T16:12:41 IST" duration-ms="59985" status="PASS">
          <reporter-output>
            <line>
              <![CDATA[no of rows::10]]>
            </line>
            <line>
              <![CDATA[valid username and password::dashboard    http://webapp.qedgetech.com/dashboard.php]]>
            </line>
            <line>
              <![CDATA[Incorrect user ID or password  dashboard  http://webapp.qedgetech.com/login.php]]>
            </line>
            <line>
              <![CDATA[valid username and password::dashboard    http://webapp.qedgetech.com/dashboard.php]]>
            </line>
            <line>
              <![CDATA[Incorrect user ID or password  dashboard  http://webapp.qedgetech.com/login.php]]>
            </line>
            <line>
              <![CDATA[valid username and password::dashboard    http://webapp.qedgetech.com/dashboard.php]]>
            </line>
            <line>
              <![CDATA[Incorrect user ID or password  dashboard  http://webapp.qedgetech.com/login.php]]>
            </line>
            <line>
              <![CDATA[Incorrect user ID or password  dashboard  http://webapp.qedgetech.com/login.php]]>
            </line>
            <line>
              <![CDATA[valid username and password::dashboard    http://webapp.qedgetech.com/dashboard.php]]>
            </line>
            <line>
              <![CDATA[valid username and password::dashboard    http://webapp.qedgetech.com/dashboard.php]]>
            </line>
            <line>
              <![CDATA[valid username and password::dashboard    http://webapp.qedgetech.com/dashboard.php]]>
            </line>
          </reporter-output>
        </test-method> <!-- starttest -->
        <test-method is-config="true" signature="teardown()[pri:0, instance:driverFactory.AppTest@31e5415e]" started-at="2024-03-04T16:12:41 IST" name="teardown" finished-at="2024-03-04T16:12:42 IST" duration-ms="551" status="PASS">
          <reporter-output>
          </reporter-output>
        </test-method> <!-- teardown -->
      </class> <!-- driverFactory.AppTest -->
    </test> <!-- Surefire test -->
  </suite> <!-- Surefire suite -->
</testng-results>
